<?xml version="1.0" encoding="UTF-8"?>
<!-- Generated by org.testng.reporters.JUnitXMLReporter -->
<testsuite ignored="0" hostname="CDMIHFB2" failures="0" tests="10" name="Default test" time="160.08" errors="0" timestamp="22 Jan 2022 05:38:18 GMT">
  <testcase classname="runner.WebApp" name="HomePage" time="0.573"/>
  <testcase classname="runner.WebApp" name="SignUp" time="3.778"/>
  <testcase classname="runner.WebApp" name="HomepageLogin" time="3.646"/>
  <testcase classname="runner.WebApp" name="AboutPage" time="1.258"/>
  <testcase classname="runner.WebApp" name="ContactPage" time="2.832"/>
  <testcase classname="runner.WebApp" name="OnewayPage" time="11.144"/>
  <testcase classname="runner.WebApp" name="LocalPage" time="23.379"/>
  <testcase classname="runner.WebApp" name="OutstationPage" time="27.498"/>
  <testcase classname="runner.WebApp" name="AirportPage" time="30.458"/>
  <testcase classname="runner.WebApp" name="CorporatePage" time="7.767"/>
</testsuite> <!-- Default test -->
