<?xml version="1.0" encoding="UTF-8"?>
<testng-results ignored="0" total="10" passed="10" failed="0" skipped="0">
  <reporter-output>
  </reporter-output>
  <suite started-at="2022-01-22T05:35:38Z" name="Default suite" finished-at="2022-01-22T05:38:18Z" duration-ms="160080">
    <groups>
    </groups>
    <test started-at="2022-01-22T05:35:38Z" name="Default test" finished-at="2022-01-22T05:38:18Z" duration-ms="160080">
      <class name="runner.WebApp">
        <test-method is-config="true" signature="Before()[pri:0, instance:runner.WebApp@4baf352a]" started-at="2022-01-22T05:35:38Z" name="Before" finished-at="2022-01-22T05:35:44Z" duration-ms="5590" status="PASS">
          <reporter-output>
          </reporter-output>
        </test-method> <!-- Before -->
        <test-method signature="HomePage()[pri:1, instance:runner.WebApp@4baf352a]" started-at="2022-01-22T05:35:44Z" name="HomePage" finished-at="2022-01-22T05:35:44Z" duration-ms="573" status="PASS">
          <reporter-output>
          </reporter-output>
        </test-method> <!-- HomePage -->
        <test-method is-config="true" signature="After()[pri:0, instance:runner.WebApp@4baf352a]" started-at="2022-01-22T05:35:44Z" name="After" finished-at="2022-01-22T05:35:45Z" duration-ms="237" status="PASS">
          <reporter-output>
          </reporter-output>
        </test-method> <!-- After -->
        <test-method is-config="true" signature="Before()[pri:0, instance:runner.WebApp@4baf352a]" started-at="2022-01-22T05:35:45Z" name="Before" finished-at="2022-01-22T05:35:49Z" duration-ms="3949" status="PASS">
          <reporter-output>
          </reporter-output>
        </test-method> <!-- Before -->
        <test-method signature="SignUp()[pri:2, instance:runner.WebApp@4baf352a]" started-at="2022-01-22T05:35:49Z" name="SignUp" finished-at="2022-01-22T05:35:52Z" duration-ms="3778" status="PASS">
          <reporter-output>
          </reporter-output>
        </test-method> <!-- SignUp -->
        <test-method is-config="true" signature="After()[pri:0, instance:runner.WebApp@4baf352a]" started-at="2022-01-22T05:35:52Z" name="After" finished-at="2022-01-22T05:35:53Z" duration-ms="121" status="PASS">
          <reporter-output>
          </reporter-output>
        </test-method> <!-- After -->
        <test-method is-config="true" signature="Before()[pri:0, instance:runner.WebApp@4baf352a]" started-at="2022-01-22T05:35:53Z" name="Before" finished-at="2022-01-22T05:35:56Z" duration-ms="3794" status="PASS">
          <reporter-output>
          </reporter-output>
        </test-method> <!-- Before -->
        <test-method signature="HomepageLogin()[pri:3, instance:runner.WebApp@4baf352a]" started-at="2022-01-22T05:35:56Z" name="HomepageLogin" finished-at="2022-01-22T05:36:00Z" duration-ms="3646" status="PASS">
          <reporter-output>
          </reporter-output>
        </test-method> <!-- HomepageLogin -->
        <test-method is-config="true" signature="After()[pri:0, instance:runner.WebApp@4baf352a]" started-at="2022-01-22T05:36:00Z" name="After" finished-at="2022-01-22T05:36:00Z" duration-ms="141" status="PASS">
          <reporter-output>
          </reporter-output>
        </test-method> <!-- After -->
        <test-method is-config="true" signature="Before()[pri:0, instance:runner.WebApp@4baf352a]" started-at="2022-01-22T05:36:00Z" name="Before" finished-at="2022-01-22T05:36:06Z" duration-ms="5496" status="PASS">
          <reporter-output>
          </reporter-output>
        </test-method> <!-- Before -->
        <test-method signature="AboutPage()[pri:4, instance:runner.WebApp@4baf352a]" started-at="2022-01-22T05:36:06Z" name="AboutPage" finished-at="2022-01-22T05:36:07Z" duration-ms="1258" status="PASS">
          <reporter-output>
          </reporter-output>
        </test-method> <!-- AboutPage -->
        <test-method is-config="true" signature="After()[pri:0, instance:runner.WebApp@4baf352a]" started-at="2022-01-22T05:36:07Z" name="After" finished-at="2022-01-22T05:36:07Z" duration-ms="112" status="PASS">
          <reporter-output>
          </reporter-output>
        </test-method> <!-- After -->
        <test-method is-config="true" signature="Before()[pri:0, instance:runner.WebApp@4baf352a]" started-at="2022-01-22T05:36:07Z" name="Before" finished-at="2022-01-22T05:36:11Z" duration-ms="4150" status="PASS">
          <reporter-output>
          </reporter-output>
        </test-method> <!-- Before -->
        <test-method signature="ContactPage()[pri:5, instance:runner.WebApp@4baf352a]" started-at="2022-01-22T05:36:11Z" name="ContactPage" finished-at="2022-01-22T05:36:14Z" duration-ms="2832" status="PASS">
          <reporter-output>
          </reporter-output>
        </test-method> <!-- ContactPage -->
        <test-method is-config="true" signature="After()[pri:0, instance:runner.WebApp@4baf352a]" started-at="2022-01-22T05:36:14Z" name="After" finished-at="2022-01-22T05:36:14Z" duration-ms="131" status="PASS">
          <reporter-output>
          </reporter-output>
        </test-method> <!-- After -->
        <test-method is-config="true" signature="Before()[pri:0, instance:runner.WebApp@4baf352a]" started-at="2022-01-22T05:36:14Z" name="Before" finished-at="2022-01-22T05:36:18Z" duration-ms="3878" status="PASS">
          <reporter-output>
          </reporter-output>
        </test-method> <!-- Before -->
        <test-method signature="OnewayPage()[pri:6, instance:runner.WebApp@4baf352a]" started-at="2022-01-22T05:36:18Z" name="OnewayPage" finished-at="2022-01-22T05:36:29Z" duration-ms="11144" status="PASS">
          <reporter-output>
          </reporter-output>
        </test-method> <!-- OnewayPage -->
        <test-method is-config="true" signature="After()[pri:0, instance:runner.WebApp@4baf352a]" started-at="2022-01-22T05:36:29Z" name="After" finished-at="2022-01-22T05:36:29Z" duration-ms="153" status="PASS">
          <reporter-output>
          </reporter-output>
        </test-method> <!-- After -->
        <test-method is-config="true" signature="Before()[pri:0, instance:runner.WebApp@4baf352a]" started-at="2022-01-22T05:36:29Z" name="Before" finished-at="2022-01-22T05:36:33Z" duration-ms="3904" status="PASS">
          <reporter-output>
          </reporter-output>
        </test-method> <!-- Before -->
        <test-method signature="LocalPage()[pri:7, instance:runner.WebApp@4baf352a]" started-at="2022-01-22T05:36:33Z" name="LocalPage" finished-at="2022-01-22T05:36:57Z" duration-ms="23379" status="PASS">
          <reporter-output>
          </reporter-output>
        </test-method> <!-- LocalPage -->
        <test-method is-config="true" signature="After()[pri:0, instance:runner.WebApp@4baf352a]" started-at="2022-01-22T05:36:57Z" name="After" finished-at="2022-01-22T05:36:57Z" duration-ms="177" status="PASS">
          <reporter-output>
          </reporter-output>
        </test-method> <!-- After -->
        <test-method is-config="true" signature="Before()[pri:0, instance:runner.WebApp@4baf352a]" started-at="2022-01-22T05:36:57Z" name="Before" finished-at="2022-01-22T05:37:00Z" duration-ms="3649" status="PASS">
          <reporter-output>
          </reporter-output>
        </test-method> <!-- Before -->
        <test-method signature="OutstationPage()[pri:8, instance:runner.WebApp@4baf352a]" started-at="2022-01-22T05:37:00Z" name="OutstationPage" finished-at="2022-01-22T05:37:28Z" duration-ms="27498" status="PASS">
          <reporter-output>
          </reporter-output>
        </test-method> <!-- OutstationPage -->
        <test-method is-config="true" signature="After()[pri:0, instance:runner.WebApp@4baf352a]" started-at="2022-01-22T05:37:28Z" name="After" finished-at="2022-01-22T05:37:28Z" duration-ms="293" status="PASS">
          <reporter-output>
          </reporter-output>
        </test-method> <!-- After -->
        <test-method is-config="true" signature="Before()[pri:0, instance:runner.WebApp@4baf352a]" started-at="2022-01-22T05:37:28Z" name="Before" finished-at="2022-01-22T05:37:34Z" duration-ms="5967" status="PASS">
          <reporter-output>
          </reporter-output>
        </test-method> <!-- Before -->
        <test-method signature="AirportPage()[pri:9, instance:runner.WebApp@4baf352a]" started-at="2022-01-22T05:37:34Z" name="AirportPage" finished-at="2022-01-22T05:38:05Z" duration-ms="30458" status="PASS">
          <reporter-output>
          </reporter-output>
        </test-method> <!-- AirportPage -->
        <test-method is-config="true" signature="After()[pri:0, instance:runner.WebApp@4baf352a]" started-at="2022-01-22T05:38:05Z" name="After" finished-at="2022-01-22T05:38:05Z" duration-ms="155" status="PASS">
          <reporter-output>
          </reporter-output>
        </test-method> <!-- After -->
        <test-method is-config="true" signature="Before()[pri:0, instance:runner.WebApp@4baf352a]" started-at="2022-01-22T05:38:05Z" name="Before" finished-at="2022-01-22T05:38:10Z" duration-ms="5682" status="PASS">
          <reporter-output>
          </reporter-output>
        </test-method> <!-- Before -->
        <test-method signature="CorporatePage()[pri:10, instance:runner.WebApp@4baf352a]" started-at="2022-01-22T05:38:10Z" name="CorporatePage" finished-at="2022-01-22T05:38:18Z" duration-ms="7767" status="PASS">
          <reporter-output>
          </reporter-output>
        </test-method> <!-- CorporatePage -->
        <test-method is-config="true" signature="After()[pri:0, instance:runner.WebApp@4baf352a]" started-at="2022-01-22T05:38:18Z" name="After" finished-at="2022-01-22T05:38:18Z" duration-ms="141" status="PASS">
          <reporter-output>
          </reporter-output>
        </test-method> <!-- After -->
        <test-method is-config="true" signature="flush()[pri:0, instance:runner.WebApp@4baf352a]" started-at="2022-01-22T05:38:18Z" name="flush" finished-at="2022-01-22T05:38:19Z" duration-ms="218" status="PASS">
          <reporter-output>
          </reporter-output>
        </test-method> <!-- flush -->
      </class> <!-- runner.WebApp -->
    </test> <!-- Default test -->
  </suite> <!-- Default suite -->
</testng-results>
